<?xml version="1.0" encoding="utf-8"?><testsuites name="pytest tests"><testsuite name="pytest" errors="0" failures="0" skipped="0" tests="11" time="24.527" timestamp="2026-05-02T06:19:37.502576+00:00" hostname="agent-env-d0ce5ad4-7ec4-450c-b59f-f2d28667f6a2"><testcase classname="backend.tests.test_iter3_news_leaderboard" name="test_news_overview" time="0.828" /><testcase classname="backend.tests.test_iter3_news_leaderboard" name="test_news_for_symbol_btcinr" time="0.046" /><testcase classname="backend.tests.test_iter3_news_leaderboard" name="test_leaderboard_run_sweep" time="11.167" /><testcase classname="backend.tests.test_iter3_news_leaderboard" name="test_leaderboard_list" time="0.055" /><testcase classname="backend.tests.test_iter3_news_leaderboard" name="test_leaderboard_apply_best" time="0.046" /><testcase classname="backend.tests.test_iter3_news_leaderboard" name="test_signal_btcinr_includes_news_summary" time="9.942" /><testcase classname="backend.tests.test_iter3_news_leaderboard" name="test_reset_for_multisymbol" time="0.091" /><testcase classname="backend.tests.test_iter3_news_leaderboard" name="test_manual_buy_btcinr_then_ethinr" time="0.583" /><testcase classname="backend.tests.test_iter3_news_leaderboard" name="test_manual_sell_closes_position" time="0.263" /><testcase classname="backend.tests.test_iter3_news_leaderboard" name="test_bot_start_with_multisymbol_config" time="1.136" /><testcase classname="backend.tests.test_iter3_news_leaderboard" name="test_cleanup_close_eth" time="0.262" /></testsuite></testsuites>