<?xml version="1.0" encoding="utf-8"?><testsuites name="pytest tests"><testsuite name="pytest" errors="0" failures="0" skipped="0" tests="29" time="29.375" timestamp="2026-05-02T06:20:06.183587+00:00" hostname="agent-env-d0ce5ad4-7ec4-450c-b59f-f2d28667f6a2"><testcase classname="backend.tests.backend_test" name="test_root_health" time="0.122" /><testcase classname="backend.tests.backend_test" name="test_market_tickers_inr" time="0.153" /><testcase classname="backend.tests.backend_test" name="test_market_klines_btcinr" time="0.434" /><testcase classname="backend.tests.backend_test" name="test_portfolio_reset_3000" time="0.046" /><testcase classname="backend.tests.backend_test" name="test_portfolio_reset_validation_too_low" time="0.041" /><testcase classname="backend.tests.backend_test" name="test_portfolio_reset_validation_too_high" time="0.041" /><testcase classname="backend.tests.backend_test" name="test_portfolio_after_reset_inr" time="0.042" /><testcase classname="backend.tests.backend_test" name="test_manual_buy_eth_inr" time="0.512" /><testcase classname="backend.tests.backend_test" name="test_portfolio_after_buy" time="0.127" /><testcase classname="backend.tests.backend_test" name="test_manual_sell_eth_inr" time="0.129" /><testcase classname="backend.tests.backend_test" name="test_generate_signal_btcinr_with_ai" time="0.793" /><testcase classname="backend.tests.backend_test" name="test_backtest_btcinr" time="1.601" /><testcase classname="backend.tests.backend_test" name="test_bot_start_with_safety" time="1.088" /><testcase classname="backend.tests.backend_test" name="test_bot_stop_creates_alert" time="1.135" /><testcase classname="backend.tests.backend_test" name="test_alerts_listing" time="0.042" /><testcase classname="backend.tests.backend_test" name="test_alerts_clear" time="0.083" /><testcase classname="backend.tests.backend_test" name="test_list_signals" time="0.042" /><testcase classname="backend.tests.backend_test" name="test_trades_list" time="0.041" /><testcase classname="backend.tests.test_iter3_news_leaderboard" name="test_news_overview" time="0.146" /><testcase classname="backend.tests.test_iter3_news_leaderboard" name="test_news_for_symbol_btcinr" time="0.054" /><testcase classname="backend.tests.test_iter3_news_leaderboard" name="test_leaderboard_run_sweep" time="11.616" /><testcase classname="backend.tests.test_iter3_news_leaderboard" name="test_leaderboard_list" time="0.048" /><testcase classname="backend.tests.test_iter3_news_leaderboard" name="test_leaderboard_apply_best" time="0.048" /><testcase classname="backend.tests.test_iter3_news_leaderboard" name="test_signal_btcinr_includes_news_summary" time="8.319" /><testcase classname="backend.tests.test_iter3_news_leaderboard" name="test_reset_for_multisymbol" time="0.099" /><testcase classname="backend.tests.test_iter3_news_leaderboard" name="test_manual_buy_btcinr_then_ethinr" time="0.530" /><testcase classname="backend.tests.test_iter3_news_leaderboard" name="test_manual_sell_closes_position" time="0.549" /><testcase classname="backend.tests.test_iter3_news_leaderboard" name="test_bot_start_with_multisymbol_config" time="1.143" /><testcase classname="backend.tests.test_iter3_news_leaderboard" name="test_cleanup_close_eth" time="0.272" /></testsuite></testsuites>