<?xml version="1.0" encoding="utf-8"?><testsuites name="pytest tests"><testsuite name="pytest" errors="0" failures="0" skipped="0" tests="16" time="18.175" timestamp="2026-04-28T06:51:01.405390+00:00" hostname="agent-env-d0ce5ad4-7ec4-450c-b59f-f2d28667f6a2"><testcase classname="backend.tests.backend_test" name="test_root_health" time="0.167" /><testcase classname="backend.tests.backend_test" name="test_market_tickers" time="1.946" /><testcase classname="backend.tests.backend_test" name="test_market_klines" time="0.679" /><testcase classname="backend.tests.backend_test" name="test_market_ticker_24h" time="0.676" /><testcase classname="backend.tests.backend_test" name="test_portfolio_reset" time="0.053" /><testcase classname="backend.tests.backend_test" name="test_portfolio_after_reset" time="0.048" /><testcase classname="backend.tests.backend_test" name="test_generate_signal_with_ai" time="9.367" /><testcase classname="backend.tests.backend_test" name="test_list_signals" time="0.054" /><testcase classname="backend.tests.backend_test" name="test_manual_buy_eth" time="0.688" /><testcase classname="backend.tests.backend_test" name="test_portfolio_after_buy" time="0.679" /><testcase classname="backend.tests.backend_test" name="test_manual_buy_duplicate_returns_400" time="0.666" /><testcase classname="backend.tests.backend_test" name="test_manual_sell_eth" time="0.770" /><testcase classname="backend.tests.backend_test" name="test_trades_list" time="0.054" /><testcase classname="backend.tests.backend_test" name="test_metrics" time="0.047" /><testcase classname="backend.tests.backend_test" name="test_bot_start" time="1.096" /><testcase classname="backend.tests.backend_test" name="test_bot_stop" time="1.095" /></testsuite></testsuites>