<?xml version="1.0" encoding="utf-8"?><testsuites name="pytest tests"><testsuite name="pytest" errors="0" failures="0" skipped="0" tests="18" time="13.532" timestamp="2026-05-02T06:04:19.456019+00:00" hostname="agent-env-d0ce5ad4-7ec4-450c-b59f-f2d28667f6a2"><testcase classname="backend.tests.backend_test" name="test_root_health" time="0.189" /><testcase classname="backend.tests.backend_test" name="test_market_tickers_inr" time="0.171" /><testcase classname="backend.tests.backend_test" name="test_market_klines_btcinr" time="0.499" /><testcase classname="backend.tests.backend_test" name="test_portfolio_reset_3000" time="0.050" /><testcase classname="backend.tests.backend_test" name="test_portfolio_reset_validation_too_low" time="0.043" /><testcase classname="backend.tests.backend_test" name="test_portfolio_reset_validation_too_high" time="0.044" /><testcase classname="backend.tests.backend_test" name="test_portfolio_after_reset_inr" time="0.043" /><testcase classname="backend.tests.backend_test" name="test_manual_buy_eth_inr" time="0.157" /><testcase classname="backend.tests.backend_test" name="test_portfolio_after_buy" time="0.134" /><testcase classname="backend.tests.backend_test" name="test_manual_sell_eth_inr" time="0.130" /><testcase classname="backend.tests.backend_test" name="test_generate_signal_btcinr_with_ai" time="8.178" /><testcase classname="backend.tests.backend_test" name="test_backtest_btcinr" time="1.353" /><testcase classname="backend.tests.backend_test" name="test_bot_start_with_safety" time="1.091" /><testcase classname="backend.tests.backend_test" name="test_bot_stop_creates_alert" time="1.134" /><testcase classname="backend.tests.backend_test" name="test_alerts_listing" time="0.042" /><testcase classname="backend.tests.backend_test" name="test_alerts_clear" time="0.087" /><testcase classname="backend.tests.backend_test" name="test_list_signals" time="0.042" /><testcase classname="backend.tests.backend_test" name="test_trades_list" time="0.045" /></testsuite></testsuites>